[2018-11-07 18:36:03] START
[2018-11-07 18:36:10] CREATE db_0.py: 0
[2018-11-07 18:36:21] EDIT estoque/models/db_0.py: 14
[2018-11-07 18:36:31] CREATE estoque.py: 0
[2018-11-07 18:36:38] EDIT estoque/controllers/estoque.py: -1
[2018-11-07 18:38:05] EDIT estoque/controllers/estoque.py: 31
[2018-11-07 18:39:32] EDIT estoque/models/menu.py: -91
[2018-11-07 18:39:43] EDIT estoque/models/menu.py: 1
[2018-11-07 18:40:19] EDIT estoque/models/menu.py: 1
[2018-11-07 18:40:37] CREATE estoque/produto.html: 0
[2018-11-07 18:40:45] CREATE estoque/lista_produto.html: 0
[2018-11-07 18:40:51] CREATE estoque/movimento.html: 0
[2018-11-07 18:40:54] CREATE estoque/lista_movimento.html: 0
[2018-11-07 18:40:57] EDIT estoque/views/estoque/lista_movimento.html: 0
[2018-11-07 18:41:24] EDIT estoque/views/estoque/lista_movimento.html: 0
[2018-11-07 18:41:33] EDIT estoque/views/estoque/lista_movimento.html: 0
[2018-11-07 18:41:44] EDIT estoque/views/estoque/movimento.html: 0
[2018-11-07 18:41:58] EDIT estoque/views/estoque/lista_produto.html: 0
[2018-11-07 18:42:06] EDIT estoque/views/estoque/produto.html: 0
[2018-11-07 18:42:21] EDIT estoque/views/estoque/produto.html: 0
[2018-11-07 18:42:45] EDIT estoque/views/estoque/lista_produto.html: 0
[2018-11-07 18:42:59] EDIT estoque/controllers/estoque.py: 0
[2018-11-07 18:43:29] EDIT estoque/controllers/estoque.py: 0
[2018-11-07 18:43:47] EDIT estoque/views/estoque/lista_movimento.html: 0
[2018-11-07 18:44:38] EDIT estoque/views/estoque/lista_movimento.html: 1
[2018-11-07 18:47:07] EDIT estoque/views/estoque/lista_produto.html: 1
[2018-11-07 18:47:49] EDIT estoque/views/estoque/lista_produto.html: 0
[2018-11-07 18:47:54] EDIT estoque/views/estoque/lista_movimento.html: 0
[2018-11-07 18:49:02] EDIT estoque/controllers/estoque.py: 2
[2018-11-07 18:49:33] EDIT estoque/controllers/estoque.py: 1
[2018-11-07 18:50:09] EDIT estoque/controllers/estoque.py: 0
[2018-11-07 18:50:10] EDIT estoque/controllers/estoque.py: 0
[2018-11-07 18:50:40] EDIT estoque/controllers/estoque.py: 0
[2018-11-07 18:51:43] EDIT estoque/controllers/estoque.py: 3
[2018-11-07 18:51:50] EDIT estoque/controllers/estoque.py: 0
[2018-11-07 18:52:59] EDIT estoque/views/estoque/produto.html: 6
[2018-11-07 18:53:19] EDIT estoque/views/estoque/produto.html: 0
[2018-11-07 18:53:32] EDIT estoque/views/estoque/produto.html: 0
[2018-11-07 18:54:31] EDIT estoque/views/estoque/lista_movimento.html: 0
[2018-11-07 18:54:39] EDIT estoque/controllers/estoque.py: 0
[2018-11-07 18:54:42] EDIT estoque/controllers/estoque.py: 0
[2018-11-07 18:55:46] EDIT estoque/controllers/estoque.py: 0
[2018-11-07 18:55:57] EDIT estoque/controllers/estoque.py: 0
[2018-11-07 18:55:59] EDIT estoque/controllers/estoque.py: 0
